<?xml version="1.0" encoding="UTF-8"?>
<testng-results ignored="0" total="21" passed="18" failed="3" skipped="0">
  <reporter-output>
  </reporter-output>
  <suite started-at="2023-12-06T22:21:21 EST" name="Default suite" finished-at="2023-12-06T22:21:41 EST" duration-ms="20228">
    <groups>
      <group name="cucumber">
        <method signature="AbstractTestNGCucumberTests.runScenario(io.cucumber.testng.PickleWrapper,io.cucumber.testng.FeatureWrapper)[pri:0, instance:testrunner.TestRunner@1f3f02ee]" name="runScenario" class="io.cucumber.testng.AbstractTestNGCucumberTests"/>
      </group> <!-- cucumber -->
    </groups>
    <test started-at="2023-12-06T22:21:21 EST" name="Default test" finished-at="2023-12-06T22:21:41 EST" duration-ms="20228">
      <class name="testrunner.TestRunner">
        <test-method is-config="true" signature="setUpClass(org.testng.ITestContext)[pri:0, instance:testrunner.TestRunner@1f3f02ee]" started-at="2023-12-06T22:21:21 EST" name="setUpClass" finished-at="2023-12-06T22:21:21 EST" duration-ms="634" status="PASS">
          <params>
            <param index="0">
              <value>
                <![CDATA[org.testng.TestRunner@164db8f0]]>
              </value>
            </param>
          </params>
          <reporter-output>
          </reporter-output>
        </test-method> <!-- setUpClass -->
        <test-method signature="runScenario(io.cucumber.testng.PickleWrapper,io.cucumber.testng.FeatureWrapper)[pri:0, instance:testrunner.TestRunner@1f3f02ee]" started-at="2023-12-06T22:21:21 EST" name="runScenario" description="Runs Cucumber Scenarios" data-provider="scenarios" finished-at="2023-12-06T22:21:24 EST" duration-ms="2234" status="PASS">
          <params>
            <param index="0">
              <value>
                <![CDATA["Check the number of options listed in the home page"]]>
              </value>
            </param>
            <param index="1">
              <value>
                <![CDATA["Home Page"]]>
              </value>
            </param>
          </params>
          <reporter-output>
          </reporter-output>
        </test-method> <!-- runScenario -->
        <test-method signature="runScenario(io.cucumber.testng.PickleWrapper,io.cucumber.testng.FeatureWrapper)[pri:0, instance:testrunner.TestRunner@1f3f02ee]" started-at="2023-12-06T22:21:24 EST" name="runScenario" description="Runs Cucumber Scenarios" data-provider="scenarios" finished-at="2023-12-06T22:21:24 EST" duration-ms="171" status="PASS">
          <params>
            <param index="0">
              <value>
                <![CDATA["Clicking on Data Structures drop down should display 6 options"]]>
              </value>
            </param>
            <param index="1">
              <value>
                <![CDATA["Home Page"]]>
              </value>
            </param>
          </params>
          <reporter-output>
          </reporter-output>
        </test-method> <!-- runScenario -->
        <test-method signature="runScenario(io.cucumber.testng.PickleWrapper,io.cucumber.testng.FeatureWrapper)[pri:0, instance:testrunner.TestRunner@1f3f02ee]" started-at="2023-12-06T22:21:24 EST" name="runScenario" description="Runs Cucumber Scenarios" data-provider="scenarios" finished-at="2023-12-06T22:21:24 EST" duration-ms="348" status="PASS">
          <params>
            <param index="0">
              <value>
                <![CDATA["User is in home page, selecting the dropdown "Arrays" without sign in displays the error message"]]>
              </value>
            </param>
            <param index="1">
              <value>
                <![CDATA["Home Page"]]>
              </value>
            </param>
          </params>
          <reporter-output>
          </reporter-output>
        </test-method> <!-- runScenario -->
        <test-method signature="runScenario(io.cucumber.testng.PickleWrapper,io.cucumber.testng.FeatureWrapper)[pri:0, instance:testrunner.TestRunner@1f3f02ee]" started-at="2023-12-06T22:21:24 EST" name="runScenario" description="Runs Cucumber Scenarios" data-provider="scenarios" finished-at="2023-12-06T22:21:24 EST" duration-ms="323" status="PASS">
          <params>
            <param index="0">
              <value>
                <![CDATA["User is in home page, selecting the dropdown "Linked List" without sign in displays the error message"]]>
              </value>
            </param>
            <param index="1">
              <value>
                <![CDATA["Home Page"]]>
              </value>
            </param>
          </params>
          <reporter-output>
          </reporter-output>
        </test-method> <!-- runScenario -->
        <test-method signature="runScenario(io.cucumber.testng.PickleWrapper,io.cucumber.testng.FeatureWrapper)[pri:0, instance:testrunner.TestRunner@1f3f02ee]" started-at="2023-12-06T22:21:24 EST" name="runScenario" description="Runs Cucumber Scenarios" data-provider="scenarios" finished-at="2023-12-06T22:21:25 EST" duration-ms="323" status="PASS">
          <params>
            <param index="0">
              <value>
                <![CDATA["User is in home page, selecting the dropdown "Stack" without sign in displays the error message"]]>
              </value>
            </param>
            <param index="1">
              <value>
                <![CDATA["Home Page"]]>
              </value>
            </param>
          </params>
          <reporter-output>
          </reporter-output>
        </test-method> <!-- runScenario -->
        <test-method signature="runScenario(io.cucumber.testng.PickleWrapper,io.cucumber.testng.FeatureWrapper)[pri:0, instance:testrunner.TestRunner@1f3f02ee]" started-at="2023-12-06T22:21:25 EST" name="runScenario" description="Runs Cucumber Scenarios" data-provider="scenarios" finished-at="2023-12-06T22:21:25 EST" duration-ms="302" status="PASS">
          <params>
            <param index="0">
              <value>
                <![CDATA["User is in home page, selecting the dropdown "Queue" without sign in displays the error message"]]>
              </value>
            </param>
            <param index="1">
              <value>
                <![CDATA["Home Page"]]>
              </value>
            </param>
          </params>
          <reporter-output>
          </reporter-output>
        </test-method> <!-- runScenario -->
        <test-method signature="runScenario(io.cucumber.testng.PickleWrapper,io.cucumber.testng.FeatureWrapper)[pri:0, instance:testrunner.TestRunner@1f3f02ee]" started-at="2023-12-06T22:21:25 EST" name="runScenario" description="Runs Cucumber Scenarios" data-provider="scenarios" finished-at="2023-12-06T22:21:25 EST" duration-ms="308" status="PASS">
          <params>
            <param index="0">
              <value>
                <![CDATA["User is in home page, selecting the dropdown "Tree" without sign in displays the error message"]]>
              </value>
            </param>
            <param index="1">
              <value>
                <![CDATA["Home Page"]]>
              </value>
            </param>
          </params>
          <reporter-output>
          </reporter-output>
        </test-method> <!-- runScenario -->
        <test-method signature="runScenario(io.cucumber.testng.PickleWrapper,io.cucumber.testng.FeatureWrapper)[pri:0, instance:testrunner.TestRunner@1f3f02ee]" started-at="2023-12-06T22:21:25 EST" name="runScenario" description="Runs Cucumber Scenarios" data-provider="scenarios" finished-at="2023-12-06T22:21:26 EST" duration-ms="283" status="PASS">
          <params>
            <param index="0">
              <value>
                <![CDATA["User is in home page, selecting the dropdown "Graph" without sign in displays the error message"]]>
              </value>
            </param>
            <param index="1">
              <value>
                <![CDATA["Home Page"]]>
              </value>
            </param>
          </params>
          <reporter-output>
          </reporter-output>
        </test-method> <!-- runScenario -->
        <test-method signature="runScenario(io.cucumber.testng.PickleWrapper,io.cucumber.testng.FeatureWrapper)[pri:0, instance:testrunner.TestRunner@1f3f02ee]" started-at="2023-12-06T22:21:26 EST" name="runScenario" description="Runs Cucumber Scenarios" data-provider="scenarios" finished-at="2023-12-06T22:21:26 EST" duration-ms="327" status="PASS">
          <params>
            <param index="0">
              <value>
                <![CDATA["User is in home page, selecting the "Get Started" under the pane "Data Structures-Introduction" without sign in displays the error message"]]>
              </value>
            </param>
            <param index="1">
              <value>
                <![CDATA["Home Page"]]>
              </value>
            </param>
          </params>
          <reporter-output>
          </reporter-output>
        </test-method> <!-- runScenario -->
        <test-method signature="runScenario(io.cucumber.testng.PickleWrapper,io.cucumber.testng.FeatureWrapper)[pri:0, instance:testrunner.TestRunner@1f3f02ee]" started-at="2023-12-06T22:21:26 EST" name="runScenario" description="Runs Cucumber Scenarios" data-provider="scenarios" finished-at="2023-12-06T22:21:26 EST" duration-ms="229" status="PASS">
          <params>
            <param index="0">
              <value>
                <![CDATA["User is in home page, selecting the "Get Started" under the pane "Array" without sign in displays the error message"]]>
              </value>
            </param>
            <param index="1">
              <value>
                <![CDATA["Home Page"]]>
              </value>
            </param>
          </params>
          <reporter-output>
          </reporter-output>
        </test-method> <!-- runScenario -->
        <test-method signature="runScenario(io.cucumber.testng.PickleWrapper,io.cucumber.testng.FeatureWrapper)[pri:0, instance:testrunner.TestRunner@1f3f02ee]" started-at="2023-12-06T22:21:26 EST" name="runScenario" description="Runs Cucumber Scenarios" data-provider="scenarios" finished-at="2023-12-06T22:21:26 EST" duration-ms="239" status="PASS">
          <params>
            <param index="0">
              <value>
                <![CDATA["User is in home page, selecting the "Get Started" under the pane "Linked List" without sign in displays the error message"]]>
              </value>
            </param>
            <param index="1">
              <value>
                <![CDATA["Home Page"]]>
              </value>
            </param>
          </params>
          <reporter-output>
          </reporter-output>
        </test-method> <!-- runScenario -->
        <test-method signature="runScenario(io.cucumber.testng.PickleWrapper,io.cucumber.testng.FeatureWrapper)[pri:0, instance:testrunner.TestRunner@1f3f02ee]" started-at="2023-12-06T22:21:26 EST" name="runScenario" description="Runs Cucumber Scenarios" data-provider="scenarios" finished-at="2023-12-06T22:21:27 EST" duration-ms="242" status="PASS">
          <params>
            <param index="0">
              <value>
                <![CDATA["User is in home page, selecting the "Get Started" under the pane "Stack" without sign in displays the error message"]]>
              </value>
            </param>
            <param index="1">
              <value>
                <![CDATA["Home Page"]]>
              </value>
            </param>
          </params>
          <reporter-output>
          </reporter-output>
        </test-method> <!-- runScenario -->
        <test-method signature="runScenario(io.cucumber.testng.PickleWrapper,io.cucumber.testng.FeatureWrapper)[pri:0, instance:testrunner.TestRunner@1f3f02ee]" started-at="2023-12-06T22:21:27 EST" name="runScenario" description="Runs Cucumber Scenarios" data-provider="scenarios" finished-at="2023-12-06T22:21:27 EST" duration-ms="232" status="PASS">
          <params>
            <param index="0">
              <value>
                <![CDATA["User is in home page, selecting the "Get Started" under the pane "Queue" without sign in displays the error message"]]>
              </value>
            </param>
            <param index="1">
              <value>
                <![CDATA["Home Page"]]>
              </value>
            </param>
          </params>
          <reporter-output>
          </reporter-output>
        </test-method> <!-- runScenario -->
        <test-method signature="runScenario(io.cucumber.testng.PickleWrapper,io.cucumber.testng.FeatureWrapper)[pri:0, instance:testrunner.TestRunner@1f3f02ee]" started-at="2023-12-06T22:21:27 EST" name="runScenario" description="Runs Cucumber Scenarios" data-provider="scenarios" finished-at="2023-12-06T22:21:27 EST" duration-ms="229" status="PASS">
          <params>
            <param index="0">
              <value>
                <![CDATA["User is in home page, selecting the "Get Started" under the pane "Tree" without sign in displays the error message"]]>
              </value>
            </param>
            <param index="1">
              <value>
                <![CDATA["Home Page"]]>
              </value>
            </param>
          </params>
          <reporter-output>
          </reporter-output>
        </test-method> <!-- runScenario -->
        <test-method signature="runScenario(io.cucumber.testng.PickleWrapper,io.cucumber.testng.FeatureWrapper)[pri:0, instance:testrunner.TestRunner@1f3f02ee]" started-at="2023-12-06T22:21:27 EST" name="runScenario" description="Runs Cucumber Scenarios" data-provider="scenarios" finished-at="2023-12-06T22:21:27 EST" duration-ms="232" status="PASS">
          <params>
            <param index="0">
              <value>
                <![CDATA["User is in home page, selecting the "Get Started" under the pane "Graph" without sign in displays the error message"]]>
              </value>
            </param>
            <param index="1">
              <value>
                <![CDATA["Home Page"]]>
              </value>
            </param>
          </params>
          <reporter-output>
          </reporter-output>
        </test-method> <!-- runScenario -->
        <test-method signature="runScenario(io.cucumber.testng.PickleWrapper,io.cucumber.testng.FeatureWrapper)[pri:0, instance:testrunner.TestRunner@1f3f02ee]" started-at="2023-12-06T22:21:27 EST" name="runScenario" description="Runs Cucumber Scenarios" data-provider="scenarios" finished-at="2023-12-06T22:21:28 EST" duration-ms="209" status="PASS">
          <params>
            <param index="0">
              <value>
                <![CDATA["Clicking on "Register" redirects to Register form"]]>
              </value>
            </param>
            <param index="1">
              <value>
                <![CDATA["Home Page"]]>
              </value>
            </param>
          </params>
          <reporter-output>
          </reporter-output>
        </test-method> <!-- runScenario -->
        <test-method signature="runScenario(io.cucumber.testng.PickleWrapper,io.cucumber.testng.FeatureWrapper)[pri:0, instance:testrunner.TestRunner@1f3f02ee]" started-at="2023-12-06T22:21:28 EST" name="runScenario" description="Runs Cucumber Scenarios" data-provider="scenarios" finished-at="2023-12-06T22:21:28 EST" duration-ms="593" status="PASS">
          <params>
            <param index="0">
              <value>
                <![CDATA["Clicking on "Sign in" redirects to Sign in form"]]>
              </value>
            </param>
            <param index="1">
              <value>
                <![CDATA["Home Page"]]>
              </value>
            </param>
          </params>
          <reporter-output>
          </reporter-output>
        </test-method> <!-- runScenario -->
        <test-method signature="runScenario(io.cucumber.testng.PickleWrapper,io.cucumber.testng.FeatureWrapper)[pri:0, instance:testrunner.TestRunner@1f3f02ee]" started-at="2023-12-06T22:21:28 EST" name="runScenario" description="Runs Cucumber Scenarios" data-provider="scenarios" finished-at="2023-12-06T22:21:32 EST" duration-ms="3497" status="FAIL">
          <params>
            <param index="0">
              <value>
                <![CDATA["Validate the invalid registration for various inputs"]]>
              </value>
            </param>
            <param index="1">
              <value>
                <![CDATA["Register Page"]]>
              </value>
            </param>
          </params>
          <exception class="java.lang.AssertionError">
            <message>
              <![CDATA[expected [Invalid Username] but found [password_mismatch:The two password fields didn’t match.]]]>
            </message>
            <full-stacktrace>
              <![CDATA[java.lang.AssertionError: expected [Invalid Username] but found [password_mismatch:The two password fields didn’t match.]
at org.testng.Assert.fail(Assert.java:111)
at org.testng.Assert.failNotEquals(Assert.java:1578)
at org.testng.Assert.assertEqualsImpl(Assert.java:150)
at org.testng.Assert.assertEquals(Assert.java:132)
at org.testng.Assert.assertEquals(Assert.java:656)
at org.testng.Assert.assertEquals(Assert.java:666)
at com.dsalgoproject.stepdefinitions.Register_Steps.validate_error_message(Register_Steps.java:99)
at ✽.Validate the error message.(file:///C:/Users/durga/eclipse-workspace/ddsdet137/DsAlgoAvengers/src/test/resources/com/dsalgoproject/features/Register_Page.feature:42)
]]>
            </full-stacktrace>
          </exception> <!-- java.lang.AssertionError -->
          <reporter-output>
          </reporter-output>
        </test-method> <!-- runScenario -->
        <test-method signature="runScenario(io.cucumber.testng.PickleWrapper,io.cucumber.testng.FeatureWrapper)[pri:0, instance:testrunner.TestRunner@1f3f02ee]" started-at="2023-12-06T22:21:32 EST" name="runScenario" description="Runs Cucumber Scenarios" data-provider="scenarios" finished-at="2023-12-06T22:21:34 EST" duration-ms="2457" status="FAIL">
          <params>
            <param index="0">
              <value>
                <![CDATA["Validate the invalid registration for various inputs"]]>
              </value>
            </param>
            <param index="1">
              <value>
                <![CDATA["Register Page"]]>
              </value>
            </param>
          </params>
          <exception class="java.lang.AssertionError">
            <message>
              <![CDATA[expected [Invalid Username] but found [password_mismatch:The two password fields didn’t match.]]]>
            </message>
            <full-stacktrace>
              <![CDATA[java.lang.AssertionError: expected [Invalid Username] but found [password_mismatch:The two password fields didn’t match.]
at org.testng.Assert.fail(Assert.java:111)
at org.testng.Assert.failNotEquals(Assert.java:1578)
at org.testng.Assert.assertEqualsImpl(Assert.java:150)
at org.testng.Assert.assertEquals(Assert.java:132)
at org.testng.Assert.assertEquals(Assert.java:656)
at org.testng.Assert.assertEquals(Assert.java:666)
at com.dsalgoproject.stepdefinitions.Register_Steps.validate_error_message(Register_Steps.java:99)
at ✽.Validate the error message.(file:///C:/Users/durga/eclipse-workspace/ddsdet137/DsAlgoAvengers/src/test/resources/com/dsalgoproject/features/Register_Page.feature:42)
]]>
            </full-stacktrace>
          </exception> <!-- java.lang.AssertionError -->
          <reporter-output>
          </reporter-output>
        </test-method> <!-- runScenario -->
        <test-method signature="runScenario(io.cucumber.testng.PickleWrapper,io.cucumber.testng.FeatureWrapper)[pri:0, instance:testrunner.TestRunner@1f3f02ee]" started-at="2023-12-06T22:21:34 EST" name="runScenario" description="Runs Cucumber Scenarios" data-provider="scenarios" finished-at="2023-12-06T22:21:37 EST" duration-ms="2425" status="PASS">
          <params>
            <param index="0">
              <value>
                <![CDATA["Validate the invalid registration for various inputs"]]>
              </value>
            </param>
            <param index="1">
              <value>
                <![CDATA["Register Page"]]>
              </value>
            </param>
          </params>
          <reporter-output>
          </reporter-output>
        </test-method> <!-- runScenario -->
        <test-method signature="runScenario(io.cucumber.testng.PickleWrapper,io.cucumber.testng.FeatureWrapper)[pri:0, instance:testrunner.TestRunner@1f3f02ee]" started-at="2023-12-06T22:21:37 EST" name="runScenario" description="Runs Cucumber Scenarios" data-provider="scenarios" finished-at="2023-12-06T22:21:39 EST" duration-ms="2436" status="FAIL">
          <params>
            <param index="0">
              <value>
                <![CDATA["Validate the invalid registration for various inputs"]]>
              </value>
            </param>
            <param index="1">
              <value>
                <![CDATA["Register Page"]]>
              </value>
            </param>
          </params>
          <exception class="java.lang.AssertionError">
            <message>
              <![CDATA[expected [Username already exists] but found [password_mismatch:The two password fields didn’t match.]]]>
            </message>
            <full-stacktrace>
              <![CDATA[java.lang.AssertionError: expected [Username already exists] but found [password_mismatch:The two password fields didn’t match.]
at org.testng.Assert.fail(Assert.java:111)
at org.testng.Assert.failNotEquals(Assert.java:1578)
at org.testng.Assert.assertEqualsImpl(Assert.java:150)
at org.testng.Assert.assertEquals(Assert.java:132)
at org.testng.Assert.assertEquals(Assert.java:656)
at org.testng.Assert.assertEquals(Assert.java:666)
at com.dsalgoproject.stepdefinitions.Register_Steps.validate_error_message(Register_Steps.java:99)
at ✽.Validate the error message.(file:///C:/Users/durga/eclipse-workspace/ddsdet137/DsAlgoAvengers/src/test/resources/com/dsalgoproject/features/Register_Page.feature:42)
]]>
            </full-stacktrace>
          </exception> <!-- java.lang.AssertionError -->
          <reporter-output>
          </reporter-output>
        </test-method> <!-- runScenario -->
        <test-method is-config="true" signature="tearDownClass()[pri:0, instance:testrunner.TestRunner@1f3f02ee]" started-at="2023-12-06T22:21:39 EST" name="tearDownClass" finished-at="2023-12-06T22:21:41 EST" duration-ms="1878" status="PASS">
          <reporter-output>
          </reporter-output>
        </test-method> <!-- tearDownClass -->
      </class> <!-- testrunner.TestRunner -->
    </test> <!-- Default test -->
  </suite> <!-- Default suite -->
</testng-results>
