<?xml version="1.0" encoding="UTF-8"?>
<!-- Generated by org.testng.reporters.JUnitReportReporter -->
<testsuite hostname="sandur" failures="3" tests="21" name="testrunner.TestRunner" time="17.639" errors="0" timestamp="2023-12-06T22:21:41 EST" skipped="0">
  <testcase classname="testrunner.TestRunner" name="runScenario" time="0.171"/>
  <testcase classname="testrunner.TestRunner" name="runScenario" time="0.327"/>
  <testcase classname="testrunner.TestRunner" name="runScenario" time="2.234"/>
  <testcase classname="testrunner.TestRunner" name="runScenario" time="0.283"/>
  <testcase classname="testrunner.TestRunner" name="runScenario" time="2.425"/>
  <testcase classname="testrunner.TestRunner" name="runScenario" time="0.232"/>
  <testcase classname="testrunner.TestRunner" name="runScenario" time="0.308"/>
  <testcase classname="testrunner.TestRunner" name="runScenario" time="0.239"/>
  <testcase classname="testrunner.TestRunner" name="runScenario" time="2.457">
    <failure message="expected [Invalid Username] but found [password_mismatch:The two password fields didn’t match.]" type="java.lang.AssertionError">
      <![CDATA[java.lang.AssertionError: expected [Invalid Username] but found [password_mismatch:The two password fields didn’t match.]
at org.testng.Assert.fail(Assert.java:111)
at org.testng.Assert.failNotEquals(Assert.java:1578)
at org.testng.Assert.assertEqualsImpl(Assert.java:150)
at org.testng.Assert.assertEquals(Assert.java:132)
at org.testng.Assert.assertEquals(Assert.java:656)
at org.testng.Assert.assertEquals(Assert.java:666)
at com.dsalgoproject.stepdefinitions.Register_Steps.validate_error_message(Register_Steps.java:99)
at ✽.Validate the error message.(file:///C:/Users/durga/eclipse-workspace/ddsdet137/DsAlgoAvengers/src/test/resources/com/dsalgoproject/features/Register_Page.feature:42)
]]>
    </failure>
  </testcase> <!-- runScenario -->
  <testcase classname="testrunner.TestRunner" name="runScenario" time="0.229"/>
  <testcase classname="testrunner.TestRunner" name="runScenario" time="0.229"/>
  <testcase classname="testrunner.TestRunner" name="runScenario" time="0.348"/>
  <testcase classname="testrunner.TestRunner" name="runScenario" time="0.232"/>
  <testcase classname="testrunner.TestRunner" name="runScenario" time="0.302"/>
  <testcase classname="testrunner.TestRunner" name="runScenario" time="0.209"/>
  <testcase classname="testrunner.TestRunner" name="runScenario" time="0.323"/>
  <testcase classname="testrunner.TestRunner" name="runScenario" time="0.323"/>
  <testcase classname="testrunner.TestRunner" name="runScenario" time="0.242"/>
  <testcase classname="testrunner.TestRunner" name="runScenario" time="3.497">
    <failure message="expected [Invalid Username] but found [password_mismatch:The two password fields didn’t match.]" type="java.lang.AssertionError">
      <![CDATA[java.lang.AssertionError: expected [Invalid Username] but found [password_mismatch:The two password fields didn’t match.]
at org.testng.Assert.fail(Assert.java:111)
at org.testng.Assert.failNotEquals(Assert.java:1578)
at org.testng.Assert.assertEqualsImpl(Assert.java:150)
at org.testng.Assert.assertEquals(Assert.java:132)
at org.testng.Assert.assertEquals(Assert.java:656)
at org.testng.Assert.assertEquals(Assert.java:666)
at com.dsalgoproject.stepdefinitions.Register_Steps.validate_error_message(Register_Steps.java:99)
at ✽.Validate the error message.(file:///C:/Users/durga/eclipse-workspace/ddsdet137/DsAlgoAvengers/src/test/resources/com/dsalgoproject/features/Register_Page.feature:42)
]]>
    </failure>
  </testcase> <!-- runScenario -->
  <testcase classname="testrunner.TestRunner" name="runScenario" time="2.436">
    <failure message="expected [Username already exists] but found [password_mismatch:The two password fields didn’t match.]" type="java.lang.AssertionError">
      <![CDATA[java.lang.AssertionError: expected [Username already exists] but found [password_mismatch:The two password fields didn’t match.]
at org.testng.Assert.fail(Assert.java:111)
at org.testng.Assert.failNotEquals(Assert.java:1578)
at org.testng.Assert.assertEqualsImpl(Assert.java:150)
at org.testng.Assert.assertEquals(Assert.java:132)
at org.testng.Assert.assertEquals(Assert.java:656)
at org.testng.Assert.assertEquals(Assert.java:666)
at com.dsalgoproject.stepdefinitions.Register_Steps.validate_error_message(Register_Steps.java:99)
at ✽.Validate the error message.(file:///C:/Users/durga/eclipse-workspace/ddsdet137/DsAlgoAvengers/src/test/resources/com/dsalgoproject/features/Register_Page.feature:42)
]]>
    </failure>
  </testcase> <!-- runScenario -->
  <testcase classname="testrunner.TestRunner" name="runScenario" time="0.593"/>
</testsuite> <!-- testrunner.TestRunner -->
